
CondaError: Run 'conda init' before 'conda deactivate'

7vp
7donevp
36vp
36donevp
47vp
47donevp
55vp
55donevp
51vp
51donevp
56vp
56donevp
3vp
3donevp
54vp
54donevp
4vp
4donevp
58vp
58donevp
8vp
8donevp
1vp
1donevp
33vp
33donevp
0vp
0donevp
12vp
12donevp
30vp
30donevp
17vp
17donevp
52vp
52donevp
53vp
53donevp
57vp
57donevp
35vp
35donevp
59vp
59donevp
40vp
40donevp
62vp
62donevp
61vp
61donevp
63vp
63donevp
60vp
60donevp
50vp
50donevp
39vp
39donevp
65vp
65donevp
31vp
31donevp
66vp
66donevp
41vp
41donevp
74vp
74donevp
done
usage: conda [-h] [-v] [--no-plugins] [-V] COMMAND ...
conda: error: argument COMMAND: invalid choice: 'deavtivate' (choose from 'activate', 'deactivate', 'clean', 'compare', 'config', 'create', 'env', 'export', 'info', 'init', 'install', 'list', 'notices', 'package', 'remove', 'uninstall', 'rename', 'run', 'search', 'update', 'upgrade', 'content-trust', 'doctor', 'repoquery')
